0 info it worked if it ends with ok
1 verbose cli [ 'node', '/usr/local/bin/npm', 'run', 'bundle' ]
2 info using npm@1.4.28
3 info using node@v0.10.33
4 verbose run-script [ 'prebundle', 'bundle', 'postbundle' ]
5 info prebundle basic@1.0.0
6 info bundle basic@1.0.0
7 verbose unsafe-perm in lifecycle true
8 info basic@1.0.0 Failed to exec bundle script
9 error basic@1.0.0 bundle: `browserify -t reactify App.js > bundle.js`
9 error Exit status 1
10 error Failed at the basic@1.0.0 bundle script.
10 error This is most likely a problem with the basic package,
10 error not with npm itself.
10 error Tell the author that this fails on your system:
10 error     browserify -t reactify App.js > bundle.js
10 error You can get their info via:
10 error     npm owner ls basic
10 error There is likely additional logging output above.
11 error System Darwin 12.5.0
12 error command "node" "/usr/local/bin/npm" "run" "bundle"
13 error cwd /Users/cayres/projects/react-validation-mixin/examples/basic
14 error node -v v0.10.33
15 error npm -v 1.4.28
16 error code ELIFECYCLE
17 verbose exit [ 1, true ]
